app/build/intermediates/manifest_merge_blame_file/debug/manifest-merger-blame-debug-report.txt
1<?xml version="1.0" encoding="utf-8"?>
2<manifest xmlns:android="http://schemas.android.com/apk/res/android"
3    package="com.basilea.proxy"
4    android:versionCode="1"
5    android:versionName="1.0.0" >
6
7    <uses-sdk
8        android:minSdkVersion="24"
9        android:targetSdkVersion="34" />
10
11    <uses-permission android:name="android.permission.INTERNET" />
11-->src/main/AndroidManifest.xml:5:5-67
11-->src/main/AndroidManifest.xml:5:22-64
12    <uses-permission android:name="android.permission.FOREGROUND_SERVICE" />
12-->src/main/AndroidManifest.xml:6:5-77
12-->src/main/AndroidManifest.xml:6:22-74
13    <uses-permission android:name="android.permission.WAKE_LOCK" />
13-->src/main/AndroidManifest.xml:7:5-68
13-->src/main/AndroidManifest.xml:7:22-65
14
15    <permission
15-->[androidx.core:core:1.12.0] AndroidManifest.xml:22:5-24:47
16        android:name="com.basilea.proxy.DYNAMIC_RECEIVER_NOT_EXPORTED_PERMISSION"
16-->[androidx.core:core:1.12.0] AndroidManifest.xml:23:9-81
17        android:protectionLevel="signature" />
17-->[androidx.core:core:1.12.0] AndroidManifest.xml:24:9-44
18
19    <uses-permission android:name="com.basilea.proxy.DYNAMIC_RECEIVER_NOT_EXPORTED_PERMISSION" />
19-->[androidx.core:core:1.12.0] AndroidManifest.xml:26:5-97
19-->[androidx.core:core:1.12.0] AndroidManifest.xml:26:22-94
20
21    <application
21-->src/main/AndroidManifest.xml:9:5-31:19
22        android:allowBackup="true"
22-->src/main/AndroidManifest.xml:10:9-35
23        android:appComponentFactory="androidx.core.app.CoreComponentFactory"
23-->[androidx.core:core:1.12.0] AndroidManifest.xml:28:18-86
24        android:debuggable="true"
25        android:extractNativeLibs="false"
26        android:icon="@mipmap/ic_launcher"
26-->src/main/AndroidManifest.xml:11:9-43
27        android:label="Basilea Proxy"
27-->src/main/AndroidManifest.xml:12:9-38
28        android:theme="@style/Theme.Material3.Dark" >
28-->src/main/AndroidManifest.xml:13:9-52
29        <activity
29-->src/main/AndroidManifest.xml:15:9-23:20
30            android:name="com.basilea.proxy.MainActivity"
30-->src/main/AndroidManifest.xml:16:13-41
31            android:exported="true"
31-->src/main/AndroidManifest.xml:17:13-36
32            android:theme="@style/Theme.Material3.Dark.NoActionBar" >
32-->src/main/AndroidManifest.xml:18:13-68
33            <intent-filter>
33-->src/main/AndroidManifest.xml:19:13-22:29
34                <action android:name="android.intent.action.MAIN" />
34-->src/main/AndroidManifest.xml:20:17-69
34-->src/main/AndroidManifest.xml:20:25-66
35
36                <category android:name="android.intent.category.LAUNCHER" />
36-->src/main/AndroidManifest.xml:21:17-77
36-->src/main/AndroidManifest.xml:21:27-74
37            </intent-filter>
38        </activity>
39
40        <service
40-->src/main/AndroidManifest.xml:25:9-29:63
41            android:name="com.basilea.proxy.service.ProxyService"
41-->src/main/AndroidManifest.xml:26:13-49
42            android:enabled="true"
42-->src/main/AndroidManifest.xml:27:13-35
43            android:exported="false"
43-->src/main/AndroidManifest.xml:28:13-37
44            android:foregroundServiceType="connectedDevice" />
44-->src/main/AndroidManifest.xml:29:13-60
45
46        <activity
46-->[androidx.compose.ui:ui-test-manifest:1.5.4] AndroidManifest.xml:23:9-25:39
47            android:name="androidx.activity.ComponentActivity"
47-->[androidx.compose.ui:ui-test-manifest:1.5.4] AndroidManifest.xml:24:13-63
48            android:exported="true" />
48-->[androidx.compose.ui:ui-test-manifest:1.5.4] AndroidManifest.xml:25:13-36
49        <activity
49-->[androidx.compose.ui:ui-tooling-android:1.5.4] AndroidManifest.xml:23:9-25:39
50            android:name="androidx.compose.ui.tooling.PreviewActivity"
50-->[androidx.compose.ui:ui-tooling-android:1.5.4] AndroidManifest.xml:24:13-71
51            android:exported="true" />
51-->[androidx.compose.ui:ui-tooling-android:1.5.4] AndroidManifest.xml:25:13-36
52
53        <provider
53-->[androidx.emoji2:emoji2:1.4.0] AndroidManifest.xml:24:9-32:20
54            android:name="androidx.startup.InitializationProvider"
54-->[androidx.emoji2:emoji2:1.4.0] AndroidManifest.xml:25:13-67
55            android:authorities="com.basilea.proxy.androidx-startup"
55-->[androidx.emoji2:emoji2:1.4.0] AndroidManifest.xml:26:13-68
56            android:exported="false" >
56-->[androidx.emoji2:emoji2:1.4.0] AndroidManifest.xml:27:13-37
57            <meta-data
57-->[androidx.emoji2:emoji2:1.4.0] AndroidManifest.xml:29:13-31:52
58                android:name="androidx.emoji2.text.EmojiCompatInitializer"
58-->[androidx.emoji2:emoji2:1.4.0] AndroidManifest.xml:30:17-75
59                android:value="androidx.startup" />
59-->[androidx.emoji2:emoji2:1.4.0] AndroidManifest.xml:31:17-49
60            <meta-data
60-->[androidx.lifecycle:lifecycle-process:2.6.2] AndroidManifest.xml:29:13-31:52
61                android:name="androidx.lifecycle.ProcessLifecycleInitializer"
61-->[androidx.lifecycle:lifecycle-process:2.6.2] AndroidManifest.xml:30:17-78
62                android:value="androidx.startup" />
62-->[androidx.lifecycle:lifecycle-process:2.6.2] AndroidManifest.xml:31:17-49
63            <meta-data
63-->[androidx.profileinstaller:profileinstaller:1.3.0] AndroidManifest.xml:29:13-31:52
64                android:name="androidx.profileinstaller.ProfileInstallerInitializer"
64-->[androidx.profileinstaller:profileinstaller:1.3.0] AndroidManifest.xml:30:17-85
65                android:value="androidx.startup" />
65-->[androidx.profileinstaller:profileinstaller:1.3.0] AndroidManifest.xml:31:17-49
66        </provider>
67
68        <receiver
68-->[androidx.profileinstaller:profileinstaller:1.3.0] AndroidManifest.xml:34:9-52:20
69            android:name="androidx.profileinstaller.ProfileInstallReceiver"
69-->[androidx.profileinstaller:profileinstaller:1.3.0] AndroidManifest.xml:35:13-76
70            android:directBootAware="false"
70-->[androidx.profileinstaller:profileinstaller:1.3.0] AndroidManifest.xml:36:13-44
71            android:enabled="true"
71-->[androidx.profileinstaller:profileinstaller:1.3.0] AndroidManifest.xml:37:13-35
72            android:exported="true"
72-->[androidx.profileinstaller:profileinstaller:1.3.0] AndroidManifest.xml:38:13-36
73            android:permission="android.permission.DUMP" >
73-->[androidx.profileinstaller:profileinstaller:1.3.0] AndroidManifest.xml:39:13-57
74            <intent-filter>
74-->[androidx.profileinstaller:profileinstaller:1.3.0] AndroidManifest.xml:40:13-42:29
75                <action android:name="androidx.profileinstaller.action.INSTALL_PROFILE" />
75-->[androidx.profileinstaller:profileinstaller:1.3.0] AndroidManifest.xml:41:17-91
75-->[androidx.profileinstaller:profileinstaller:1.3.0] AndroidManifest.xml:41:25-88
76            </intent-filter>
77            <intent-filter>
77-->[androidx.profileinstaller:profileinstaller:1.3.0] AndroidManifest.xml:43:13-45:29
78                <action android:name="androidx.profileinstaller.action.SKIP_FILE" />
78-->[androidx.profileinstaller:profileinstaller:1.3.0] AndroidManifest.xml:44:17-85
78-->[androidx.profileinstaller:profileinstaller:1.3.0] AndroidManifest.xml:44:25-82
79            </intent-filter>
80            <intent-filter>
80-->[androidx.profileinstaller:profileinstaller:1.3.0] AndroidManifest.xml:46:13-48:29
81                <action android:name="androidx.profileinstaller.action.SAVE_PROFILE" />
81-->[androidx.profileinstaller:profileinstaller:1.3.0] AndroidManifest.xml:47:17-88
81-->[androidx.profileinstaller:profileinstaller:1.3.0] AndroidManifest.xml:47:25-85
82            </intent-filter>
83            <intent-filter>
83-->[androidx.profileinstaller:profileinstaller:1.3.0] AndroidManifest.xml:49:13-51:29
84                <action android:name="androidx.profileinstaller.action.BENCHMARK_OPERATION" />
84-->[androidx.profileinstaller:profileinstaller:1.3.0] AndroidManifest.xml:50:17-95
84-->[androidx.profileinstaller:profileinstaller:1.3.0] AndroidManifest.xml:50:25-92
85            </intent-filter>
86        </receiver>
87    </application>
88
89</manifest>